<?xml version="1.0" encoding="UTF-8"?>
<testsuite name="ru.stqa.pft.addressbook.tests.HbConnectionTest" tests="2" skipped="2" failures="0" errors="0" timestamp="2023-03-07T16:30:08" hostname="DESKTOP-4D6FVP8" time="0.001">
  <properties/>
  <testcase name="testHbConnectionContacts" classname="ru.stqa.pft.addressbook.tests.HbConnectionTest" time="0.0">
    <skipped/>
  </testcase>
  <testcase name="testHbConnectionGroups" classname="ru.stqa.pft.addressbook.tests.HbConnectionTest" time="0.0">
    <skipped/>
  </testcase>
  <system-out><![CDATA[]]></system-out>
  <system-err><![CDATA[]]></system-err>
</testsuite>
