<?xml version="1.0" encoding="UTF-8"?>
<testsuite name="ru.stqa.pft.addressbook.tests.ContactCreationTest1" tests="1" skipped="1" failures="0" errors="0" timestamp="2023-03-07T16:30:08" hostname="DESKTOP-4D6FVP8" time="0.001">
  <properties/>
  <testcase name="testCreationContact1" classname="ru.stqa.pft.addressbook.tests.ContactCreationTest1" time="0.001">
    <skipped/>
  </testcase>
  <system-out><![CDATA[19:30:08.192 [Test worker] INFO  r.s.pft.addressbook.tests.TestBase - Stop testtestCreationContact1
]]></system-out>
  <system-err><![CDATA[]]></system-err>
</testsuite>
